<?xml version="1.0" encoding="utf-8"?>
<TestRun id="0ff120bf-c245-4fb8-8b0b-498bc40f38da" name="muham@DESKTOP-VLT1FDS 2023-01-07 02:18:44" runUser="DESKTOP-VLT1FDS\muham" xmlns="http://microsoft.com/schemas/VisualStudio/TeamTest/2010">
  <Times creation="2023-01-07T02:18:44.3938136+05:00" queuing="2023-01-07T02:18:44.3938136+05:00" start="2023-01-07T02:18:29.0264354+05:00" finish="2023-01-07T02:18:44.6336589+05:00" />
  <TestSettings name="default" id="494cd13f-fb8d-4c71-8f37-8402c29f2abe">
    <Deployment runDeploymentRoot="muham_DESKTOP-VLT1FDS_2023-01-07_02_18_44" />
  </TestSettings>
  <Results>
    <UnitTestResult executionId="491bb5c7-aafe-44c3-aed9-7249796968c1" testId="a3650999-31a9-49bc-b1a4-87acfbacb3db" testName="OpenNewAccountTC_001 (Data Row 0)" computerName="DESKTOP-VLT1FDS" duration="00:00:12.1035351" startTime="2023-01-07T02:18:30.6946229+05:00" endTime="2023-01-07T02:18:44.2831158+05:00" testType="13cdc9d9-ddb5-4fa4-a97d-d965ccfc6d4b" outcome="Passed" testListId="8c84fa94-04c1-424b-9868-57a2d4851a1d" relativeResultsDirectory="491bb5c7-aafe-44c3-aed9-7249796968c1" />
  </Results>
  <TestDefinitions>
    <UnitTest name="OpenNewAccountTC_001 (Data Row 0)" storage="c:\users\muham\source\repos\parabank_automation\parabank_automation\bin\debug\parabank_automation.dll" id="a3650999-31a9-49bc-b1a4-87acfbacb3db">
      <Owners>
        <Owner name="Zaeem" />
      </Owners>
      <TestCategory>
        <TestCategoryItem TestCategory="OpenNewAccount" />
        <TestCategoryItem TestCategory="Positive" />
      </TestCategory>
      <Execution id="491bb5c7-aafe-44c3-aed9-7249796968c1" />
      <TestMethod codeBase="C:\Users\muham\source\repos\ParaBank_Automation\ParaBank_Automation\bin\Debug\ParaBank_Automation.dll" adapterTypeName="executor://mstestadapter/v2" className="ParaBank_Automation.OpenNewAccountTestExecution" name="OpenNewAccountTC_001" />
    </UnitTest>
  </TestDefinitions>
  <TestEntries>
    <TestEntry testId="a3650999-31a9-49bc-b1a4-87acfbacb3db" executionId="491bb5c7-aafe-44c3-aed9-7249796968c1" testListId="8c84fa94-04c1-424b-9868-57a2d4851a1d" />
  </TestEntries>
  <TestLists>
    <TestList name="Results Not in a List" id="8c84fa94-04c1-424b-9868-57a2d4851a1d" />
    <TestList name="All Loaded Results" id="19431567-8539-422a-85d7-44ee4e166bda" />
  </TestLists>
  <ResultSummary outcome="Completed">
    <Counters total="1" executed="1" passed="1" failed="0" error="0" timeout="0" aborted="0" inconclusive="0" passedButRunAborted="0" notRunnable="0" notExecuted="0" disconnected="0" warning="0" completed="0" inProgress="0" pending="0" />
  </ResultSummary>
</TestRun>