<?xml version="1.0" encoding="utf-8"?>
<TestRun id="98ea7c7f-f1dd-4802-ba19-050bfcc50012" name="muham@DESKTOP-VLT1FDS 2023-01-07 02:11:55" runUser="DESKTOP-VLT1FDS\muham" xmlns="http://microsoft.com/schemas/VisualStudio/TeamTest/2010">
  <Times creation="2023-01-07T02:11:55.9436757+05:00" queuing="2023-01-07T02:11:55.9436757+05:00" start="2023-01-07T02:11:37.4463124+05:00" finish="2023-01-07T02:11:56.0428655+05:00" />
  <TestSettings name="default" id="73359bcf-b120-40b0-b911-45624f66eba9">
    <Deployment runDeploymentRoot="muham_DESKTOP-VLT1FDS_2023-01-07_02_11_55" />
  </TestSettings>
  <Results>
    <UnitTestResult executionId="c7089885-8b8c-4498-b391-2981f2b409bf" testId="2ffc331c-5db0-4ccf-9e36-32a24bf79b84" testName="OpenNewAccountTC_001 (Data Row 0)" computerName="DESKTOP-VLT1FDS" duration="00:00:13.4610894" startTime="2023-01-07T02:11:40.4569394+05:00" endTime="2023-01-07T02:11:55.5695221+05:00" testType="13cdc9d9-ddb5-4fa4-a97d-d965ccfc6d4b" outcome="Passed" testListId="8c84fa94-04c1-424b-9868-57a2d4851a1d" relativeResultsDirectory="c7089885-8b8c-4498-b391-2981f2b409bf" />
  </Results>
  <TestDefinitions>
    <UnitTest name="OpenNewAccountTC_001 (Data Row 0)" storage="c:\users\muham\source\repos\parabank_automation\parabank_automation\bin\debug\parabank_automation.dll" id="2ffc331c-5db0-4ccf-9e36-32a24bf79b84">
      <Owners>
        <Owner name="Zaeem" />
      </Owners>
      <TestCategory>
        <TestCategoryItem TestCategory="OpenNewAccount" />
        <TestCategoryItem TestCategory="Positive" />
      </TestCategory>
      <Execution id="c7089885-8b8c-4498-b391-2981f2b409bf" />
      <TestMethod codeBase="C:\Users\muham\source\repos\ParaBank_Automation\ParaBank_Automation\bin\Debug\ParaBank_Automation.dll" adapterTypeName="executor://mstestadapter/v2" className="ParaBank_Automation.OpenNewAccountTestExecution" name="OpenNewAccountTC_001" />
    </UnitTest>
  </TestDefinitions>
  <TestEntries>
    <TestEntry testId="2ffc331c-5db0-4ccf-9e36-32a24bf79b84" executionId="c7089885-8b8c-4498-b391-2981f2b409bf" testListId="8c84fa94-04c1-424b-9868-57a2d4851a1d" />
  </TestEntries>
  <TestLists>
    <TestList name="Results Not in a List" id="8c84fa94-04c1-424b-9868-57a2d4851a1d" />
    <TestList name="All Loaded Results" id="19431567-8539-422a-85d7-44ee4e166bda" />
  </TestLists>
  <ResultSummary outcome="Completed">
    <Counters total="1" executed="1" passed="1" failed="0" error="0" timeout="0" aborted="0" inconclusive="0" passedButRunAborted="0" notRunnable="0" notExecuted="0" disconnected="0" warning="0" completed="0" inProgress="0" pending="0" />
  </ResultSummary>
</TestRun>